#
# There is insufficient memory for the Java Runtime Environment to continue.
# Native memory allocation (mmap) failed to map 193986560 bytes. Error detail: G1 virtual space
# Possible reasons:
#   The system is out of physical RAM or swap space
#   This process is running with CompressedOops enabled, and the Java Heap may be blocking the growth of the native heap
# Possible solutions:
#   Reduce memory load on the system
#   Increase physical memory or swap space
#   Check if swap backing store is full
#   Decrease Java heap size (-Xmx/-Xms)
#   Decrease number of Java threads
#   Decrease Java thread stack sizes (-Xss)
#   Set larger code cache with -XX:ReservedCodeCacheSize=
#   JVM is running with Unscaled Compressed Oops mode in which the Java heap is
#     placed in the first 4GB address space. The Java Heap base address is the
#     maximum limit for the native heap growth. Please use -XX:HeapBaseMinAddress
#     to set the Java Heap base and to place the Java Heap above 4GB virtual address.
# This output file may be truncated or incomplete.
#
#  Out of Memory Error (os_windows.cpp:3631), pid=4080, tid=10500
#
# JRE version: Java(TM) SE Runtime Environment (22.0.1+8) (build 22.0.1+8-16)
# Java VM: Java HotSpot(TM) 64-Bit Server VM (22.0.1+8-16, mixed mode, sharing, tiered, compressed oops, compressed class ptrs, g1 gc, windows-amd64)
# No core dump will be written. Minidumps are not enabled by default on client versions of Windows
#

---------------  S U M M A R Y ------------

Command Line: C:\Program Files\KMSpico\temp\surefire1696758953323545927\surefirebooter-20260718202704097_3.jar C:\Program Files\KMSpico\temp\surefire1696758953323545927 2026-07-18T20-27-03_417-jvmRun1 surefire-20260718202704097_1tmp surefire_0-20260718202704097_2tmp

Host: Intel(R) Core(TM) i5-6300U CPU @ 2.40GHz, 4 cores, 7G,  Windows 10 , 64 bit Build 19041 (10.0.19041.7291)
Time: Sat Jul 18 20:27:25 2026 Pakistan Standard Time elapsed time: 20.855159 seconds (0d 0h 0m 20s)

---------------  T H R E A D  ---------------

Current thread (0x0000025717729b90):  VMThread "VM Thread"          [id=10500, stack(0x00000099c8200000,0x00000099c8300000) (1024K)]

Stack: [0x00000099c8200000,0x00000099c8300000]
Native frames: (J=compiled Java code, j=interpreted, Vv=VM code, C=native code)
V  [jvm.dll+0x6e2279]  (no source info available)
V  [jvm.dll+0x874e33]  (no source info available)
V  [jvm.dll+0x87725e]  (no source info available)
V  [jvm.dll+0x877933]  (no source info available)
V  [jvm.dll+0x27fd76]  (no source info available)
V  [jvm.dll+0x6de915]  (no source info available)
V  [jvm.dll+0x6d341a]  (no source info available)
V  [jvm.dll+0x3589da]  (no source info available)
V  [jvm.dll+0x360f06]  (no source info available)
V  [jvm.dll+0x3b3e2e]  (no source info available)
V  [jvm.dll+0x3b40d8]  (no source info available)
V  [jvm.dll+0x32c59c]  (no source info available)
V  [jvm.dll+0x32c627]  (no source info available)
V  [jvm.dll+0x37229c]  (no source info available)
V  [jvm.dll+0x370996]  (no source info available)
V  [jvm.dll+0x32bc87]  (no source info available)
V  [jvm.dll+0x370154]  (no source info available)
V  [jvm.dll+0x87d7d0]  (no source info available)
V  [jvm.dll+0x87eb57]  (no source info available)
V  [jvm.dll+0x87f0d0]  (no source info available)
V  [jvm.dll+0x87f373]  (no source info available)
V  [jvm.dll+0x81d44b]  (no source info available)
V  [jvm.dll+0x6e0915]  (no source info available)
C  [ucrtbase.dll+0x21bb2]  (no source info available)
C  [KERNEL32.DLL+0x17374]  (no source info available)
C  [ntdll.dll+0x4cc91]  (no source info available)

VM_Operation (0x00000099c7bf6730): G1CollectForAllocation, mode: safepoint, requested by thread 0x0000025779778a90


---------------  P R O C E S S  ---------------

Threads class SMR info:
_java_thread_list=0x000002575f009600, length=15, elements={
0x0000025779778a90, 0x00000257177442c0, 0x0000025717744fe0, 0x000002571774eff0,
0x000002571776fce0, 0x0000025717770740, 0x00000257177735b0, 0x0000025717777fe0,
0x00000257177832b0, 0x0000025717a2ac70, 0x0000025717a30750, 0x000002575d2c3720,
0x000002575d2de6a0, 0x000002575fa55550, 0x00000257612c2000
}

Java Threads: ( => current thread )
  0x0000025779778a90 JavaThread "main"                              [_thread_blocked, id=14368, stack(0x00000099c7b00000,0x00000099c7c00000) (1024K)]
  0x00000257177442c0 JavaThread "Reference Handler"          daemon [_thread_blocked, id=14144, stack(0x00000099c8300000,0x00000099c8400000) (1024K)]
  0x0000025717744fe0 JavaThread "Finalizer"                  daemon [_thread_blocked, id=17192, stack(0x00000099c8400000,0x00000099c8500000) (1024K)]
  0x000002571774eff0 JavaThread "Signal Dispatcher"          daemon [_thread_blocked, id=16932, stack(0x00000099c8500000,0x00000099c8600000) (1024K)]
  0x000002571776fce0 JavaThread "Attach Listener"            daemon [_thread_blocked, id=8476, stack(0x00000099c8600000,0x00000099c8700000) (1024K)]
  0x0000025717770740 JavaThread "Service Thread"             daemon [_thread_blocked, id=5396, stack(0x00000099c8700000,0x00000099c8800000) (1024K)]
  0x00000257177735b0 JavaThread "Monitor Deflation Thread"   daemon [_thread_blocked, id=10056, stack(0x00000099c8800000,0x00000099c8900000) (1024K)]
  0x0000025717777fe0 JavaThread "C2 CompilerThread0"         daemon [_thread_blocked, id=1688, stack(0x00000099c8900000,0x00000099c8a00000) (1024K)]
  0x00000257177832b0 JavaThread "C1 CompilerThread0"         daemon [_thread_blocked, id=9000, stack(0x00000099c8a00000,0x00000099c8b00000) (1024K)]
  0x0000025717a2ac70 JavaThread "Notification Thread"        daemon [_thread_blocked, id=14616, stack(0x00000099c8b00000,0x00000099c8c00000) (1024K)]
  0x0000025717a30750 JavaThread "Common-Cleaner"             daemon [_thread_blocked, id=8308, stack(0x00000099c8c00000,0x00000099c8d00000) (1024K)]
  0x000002575d2c3720 JavaThread "surefire-forkedjvm-stream-flusher" daemon [_thread_blocked, id=12432, stack(0x00000099c8d00000,0x00000099c8e00000) (1024K)]
  0x000002575d2de6a0 JavaThread "surefire-forkedjvm-command-thread" daemon [_thread_in_native, id=8088, stack(0x00000099c8e00000,0x00000099c8f00000) (1024K)]
  0x000002575fa55550 JavaThread "HikariPool-1:housekeeper"   daemon [_thread_blocked, id=8184, stack(0x00000099c9200000,0x00000099c9300000) (1024K)]
  0x00000257612c2000 JavaThread "HttpClient-1-SelectorManager" daemon [_thread_blocked, id=16196, stack(0x00000099c9400000,0x00000099c9500000) (1024K)]
Total: 15

Other Threads:
=>0x0000025717729b90 VMThread "VM Thread"                           [id=10500, stack(0x00000099c8200000,0x00000099c8300000) (1024K)]
  0x000002571770f3c0 WatcherThread "VM Periodic Task Thread"        [id=14544, stack(0x00000099c8100000,0x00000099c8200000) (1024K)]
  0x000002577b874470 WorkerThread "GC Thread#0"                     [id=14416, stack(0x00000099c7c00000,0x00000099c7d00000) (1024K)]
  0x000002575d53c980 WorkerThread "GC Thread#1"                     [id=10968, stack(0x00000099c8f00000,0x00000099c9000000) (1024K)]
  0x000002575d518060 WorkerThread "GC Thread#2"                     [id=14448, stack(0x00000099c9000000,0x00000099c9100000) (1024K)]
  0x000002575d547a00 WorkerThread "GC Thread#3"                     [id=7468, stack(0x00000099c9100000,0x00000099c9200000) (1024K)]
  0x000002577b884ae0 ConcurrentGCThread "G1 Main Marker"            [id=572, stack(0x00000099c7d00000,0x00000099c7e00000) (1024K)]
  0x000002577b885ca0 WorkerThread "G1 Conc#0"                       [id=4064, stack(0x00000099c7e00000,0x00000099c7f00000) (1024K)]
  0x00000257175e24c0 ConcurrentGCThread "G1 Refine#0"               [id=6512, stack(0x00000099c7f00000,0x00000099c8000000) (1024K)]
  0x000002577b8ecd30 ConcurrentGCThread "G1 Service"                [id=7372, stack(0x00000099c8000000,0x00000099c8100000) (1024K)]
Total: 10

Threads with active compile tasks:
C2 CompilerThread0  21341 7079       4       java.util.IdentityHashMap::get (60 bytes)
Total: 1

VM state: at safepoint (normal execution)

VM Mutex/Monitor currently owned by a thread:  ([mutex/lock_event])
[0x00007ffdd165bbb8] Threads_lock - owner thread: 0x0000025717729b90
[0x00007ffdd165bcb8] Heap_lock - owner thread: 0x0000025779778a90

Heap address: 0x0000000085200000, size: 1966 MB, Compressed Oops mode: 32-bit

CDS archive(s) mapped at: [0x0000025718000000-0x0000025718c60000-0x0000025718c60000), size 12976128, SharedBaseAddress: 0x0000025718000000, ArchiveRelocationMode: 1.
Compressed class space mapped at: 0x0000025719000000-0x0000025759000000, reserved size: 1073741824
Narrow klass base: 0x0000025718000000, Narrow klass shift: 0, Narrow klass range: 0x41000000

GC Precious Log:
 CardTable entry size: 512
 Card Set container configuration: InlinePtr #cards 5 size 8 Array Of Cards #cards 12 size 40 Howl #buckets 4 coarsen threshold 1843 Howl Bitmap #cards 512 size 80 coarsen threshold 460 Card regions per heap region 1 cards per card region 2048
 CPUs: 4 total, 4 available
 Memory: 7862M
 Large Page Support: Disabled
 NUMA Support: Disabled
 Compressed Oops: Enabled (32-bit)
 Heap Region Size: 1M
 Heap Min Capacity: 8M
 Heap Initial Capacity: 124M
 Heap Max Capacity: 1966M
 Pre-touch: Disabled
 Parallel Workers: 4
 Concurrent Workers: 1
 Concurrent Refinement Workers: 4
 Periodic GC: Disabled

Heap:
 garbage-first heap   total reserved 2013184K, committed 130048K, used 82944K [0x0000000085200000, 0x0000000100000000)
  region size 1024K, 3 young (3072K), 3 survivors (3072K)
 Metaspace       used 80337K, committed 81088K, reserved 1179648K
  class space    used 11254K, committed 11584K, reserved 1048576K

Heap Regions: E=young(eden), S=young(survivor), O=old, HS=humongous(starts), HC=humongous(continues), CS=collection set, F=free, TAMS=top-at-mark-start, PB=parsable bottom
|   0|0x0000000085200000, 0x0000000085300000, 0x0000000085300000|100%|HS|  |TAMS 0x0000000085300000| PB 0x0000000085200000| Complete |  0
|   1|0x0000000085300000, 0x0000000085400000, 0x0000000085400000|100%| O|  |TAMS 0x0000000085400000| PB 0x0000000085300000| Untracked |  0
|   2|0x0000000085400000, 0x0000000085500000, 0x0000000085500000|100%| O|  |TAMS 0x0000000085500000| PB 0x0000000085400000| Untracked |  0
|   3|0x0000000085500000, 0x0000000085600000, 0x0000000085600000|100%| O|  |TAMS 0x0000000085600000| PB 0x0000000085500000| Untracked |  0
|   4|0x0000000085600000, 0x0000000085700000, 0x0000000085700000|100%| O|  |TAMS 0x0000000085700000| PB 0x0000000085600000| Untracked |  0
|   5|0x0000000085700000, 0x0000000085800000, 0x0000000085800000|100%| O|  |TAMS 0x0000000085800000| PB 0x0000000085700000| Untracked |  0
|   6|0x0000000085800000, 0x0000000085900000, 0x0000000085900000|100%| O|  |TAMS 0x0000000085900000| PB 0x0000000085800000| Untracked |  0
|   7|0x0000000085900000, 0x0000000085a00000, 0x0000000085a00000|100%| O|  |TAMS 0x0000000085a00000| PB 0x0000000085900000| Untracked |  0
|   8|0x0000000085a00000, 0x0000000085b00000, 0x0000000085b00000|100%| O|  |TAMS 0x0000000085b00000| PB 0x0000000085a00000| Untracked |  0
|   9|0x0000000085b00000, 0x0000000085c00000, 0x0000000085c00000|100%| O|  |TAMS 0x0000000085c00000| PB 0x0000000085b00000| Untracked |  0
|  10|0x0000000085c00000, 0x0000000085d00000, 0x0000000085d00000|100%| O|  |TAMS 0x0000000085d00000| PB 0x0000000085c00000| Untracked |  0
|  11|0x0000000085d00000, 0x0000000085e00000, 0x0000000085e00000|100%| O|  |TAMS 0x0000000085e00000| PB 0x0000000085d00000| Untracked |  0
|  12|0x0000000085e00000, 0x0000000085f00000, 0x0000000085f00000|100%| O|  |TAMS 0x0000000085f00000| PB 0x0000000085e00000| Untracked |  0
|  13|0x0000000085f00000, 0x0000000086000000, 0x0000000086000000|100%| O|  |TAMS 0x0000000086000000| PB 0x0000000085f00000| Untracked |  0
|  14|0x0000000086000000, 0x0000000086100000, 0x0000000086100000|100%| O|  |TAMS 0x0000000086100000| PB 0x0000000086000000| Untracked |  0
|  15|0x0000000086100000, 0x0000000086200000, 0x0000000086200000|100%| O|  |TAMS 0x0000000086200000| PB 0x0000000086100000| Untracked |  0
|  16|0x0000000086200000, 0x0000000086300000, 0x0000000086300000|100%| O|  |TAMS 0x0000000086300000| PB 0x0000000086200000| Untracked |  0
|  17|0x0000000086300000, 0x0000000086400000, 0x0000000086400000|100%| O|  |TAMS 0x0000000086400000| PB 0x0000000086300000| Untracked |  0
|  18|0x0000000086400000, 0x0000000086500000, 0x0000000086500000|100%| O|  |TAMS 0x0000000086500000| PB 0x0000000086400000| Untracked |  0
|  19|0x0000000086500000, 0x0000000086600000, 0x0000000086600000|100%| O|  |TAMS 0x0000000086600000| PB 0x0000000086500000| Untracked |  0
|  20|0x0000000086600000, 0x0000000086700000, 0x0000000086700000|100%| O|  |TAMS 0x0000000086700000| PB 0x0000000086600000| Untracked |  0
|  21|0x0000000086700000, 0x0000000086800000, 0x0000000086800000|100%| O|  |TAMS 0x0000000086800000| PB 0x0000000086700000| Untracked |  0
|  22|0x0000000086800000, 0x0000000086900000, 0x0000000086900000|100%| O|  |TAMS 0x0000000086900000| PB 0x0000000086800000| Untracked |  0
|  23|0x0000000086900000, 0x0000000086a00000, 0x0000000086a00000|100%| O|  |TAMS 0x0000000086900000| PB 0x0000000086900000| Untracked |  0
|  24|0x0000000086a00000, 0x0000000086b00000, 0x0000000086b00000|100%| O|  |TAMS 0x0000000086b00000| PB 0x0000000086a00000| Untracked |  0
|  25|0x0000000086b00000, 0x0000000086c00000, 0x0000000086c00000|100%| O|  |TAMS 0x0000000086c00000| PB 0x0000000086b00000| Untracked |  0
|  26|0x0000000086c00000, 0x0000000086d00000, 0x0000000086d00000|100%| O|  |TAMS 0x0000000086d00000| PB 0x0000000086c00000| Untracked |  0
|  27|0x0000000086d00000, 0x0000000086e00000, 0x0000000086e00000|100%| O|  |TAMS 0x0000000086e00000| PB 0x0000000086d00000| Untracked |  0
|  28|0x0000000086e00000, 0x0000000086f00000, 0x0000000086f00000|100%| O|  |TAMS 0x0000000086f00000| PB 0x0000000086e00000| Untracked |  0
|  29|0x0000000086f00000, 0x0000000087000000, 0x0000000087000000|100%| O|  |TAMS 0x0000000087000000| PB 0x0000000086f00000| Untracked |  0
|  30|0x0000000087000000, 0x0000000087100000, 0x0000000087100000|100%| O|  |TAMS 0x0000000087100000| PB 0x0000000087000000| Untracked |  0
|  31|0x0000000087100000, 0x0000000087200000, 0x0000000087200000|100%| O|  |TAMS 0x0000000087200000| PB 0x0000000087100000| Untracked |  0
|  32|0x0000000087200000, 0x0000000087300000, 0x0000000087300000|100%| O|  |TAMS 0x0000000087300000| PB 0x0000000087200000| Untracked |  0
|  33|0x0000000087300000, 0x0000000087400000, 0x0000000087400000|100%| O|  |TAMS 0x0000000087400000| PB 0x0000000087300000| Untracked |  0
|  34|0x0000000087400000, 0x0000000087500000, 0x0000000087500000|100%| O|  |TAMS 0x0000000087500000| PB 0x0000000087400000| Untracked |  0
|  35|0x0000000087500000, 0x0000000087600000, 0x0000000087600000|100%| O|  |TAMS 0x0000000087600000| PB 0x0000000087500000| Untracked |  0
|  36|0x0000000087600000, 0x0000000087700000, 0x0000000087700000|100%| O|  |TAMS 0x0000000087600000| PB 0x0000000087600000| Untracked |  0
|  37|0x0000000087700000, 0x0000000087800000, 0x0000000087800000|100%| O|  |TAMS 0x0000000087800000| PB 0x0000000087700000| Untracked |  0
|  38|0x0000000087800000, 0x0000000087900000, 0x0000000087900000|100%| O|  |TAMS 0x0000000087900000| PB 0x0000000087800000| Untracked |  0
|  39|0x0000000087900000, 0x0000000087a00000, 0x0000000087a00000|100%| O|  |TAMS 0x0000000087a00000| PB 0x0000000087900000| Untracked |  0
|  40|0x0000000087a00000, 0x0000000087b00000, 0x0000000087b00000|100%| O|  |TAMS 0x0000000087b00000| PB 0x0000000087a00000| Untracked |  0
|  41|0x0000000087b00000, 0x0000000087c00000, 0x0000000087c00000|100%| O|  |TAMS 0x0000000087c00000| PB 0x0000000087b00000| Untracked |  0
|  42|0x0000000087c00000, 0x0000000087d00000, 0x0000000087d00000|100%| O|  |TAMS 0x0000000087d00000| PB 0x0000000087c00000| Untracked |  0
|  43|0x0000000087d00000, 0x0000000087e00000, 0x0000000087e00000|100%| O|  |TAMS 0x0000000087e00000| PB 0x0000000087d00000| Untracked |  0
|  44|0x0000000087e00000, 0x0000000087f00000, 0x0000000087f00000|100%| O|  |TAMS 0x0000000087f00000| PB 0x0000000087e00000| Untracked |  0
|  45|0x0000000087f00000, 0x0000000088000000, 0x0000000088000000|100%| O|  |TAMS 0x0000000088000000| PB 0x0000000087f00000| Untracked |  0
|  46|0x0000000088000000, 0x0000000088100000, 0x0000000088100000|100%| O|  |TAMS 0x0000000088100000| PB 0x0000000088000000| Untracked |  0
|  47|0x0000000088100000, 0x0000000088200000, 0x0000000088200000|100%| O|  |TAMS 0x0000000088200000| PB 0x0000000088100000| Untracked |  0
|  48|0x0000000088200000, 0x0000000088300000, 0x0000000088300000|100%|HS|  |TAMS 0x0000000088300000| PB 0x0000000088200000| Complete |  0
|  49|0x0000000088300000, 0x0000000088400000, 0x0000000088400000|100%| O|  |TAMS 0x0000000088400000| PB 0x0000000088300000| Untracked |  0
|  50|0x0000000088400000, 0x0000000088500000, 0x0000000088500000|100%| O|  |TAMS 0x0000000088500000| PB 0x0000000088400000| Untracked |  0
|  51|0x0000000088500000, 0x0000000088600000, 0x0000000088600000|100%| O|  |TAMS 0x0000000088600000| PB 0x0000000088500000| Untracked |  0
|  52|0x0000000088600000, 0x0000000088700000, 0x0000000088700000|100%| O|  |TAMS 0x0000000088700000| PB 0x0000000088600000| Untracked |  0
|  53|0x0000000088700000, 0x0000000088800000, 0x0000000088800000|100%| O|  |TAMS 0x0000000088800000| PB 0x0000000088700000| Untracked |  0
|  54|0x0000000088800000, 0x0000000088900000, 0x0000000088900000|100%| O|  |TAMS 0x0000000088900000| PB 0x0000000088800000| Untracked |  0
|  55|0x0000000088900000, 0x0000000088a00000, 0x0000000088a00000|100%| O|  |TAMS 0x0000000088a00000| PB 0x0000000088900000| Untracked |  0
|  56|0x0000000088a00000, 0x0000000088b00000, 0x0000000088b00000|100%| O|  |TAMS 0x0000000088b00000| PB 0x0000000088a00000| Untracked |  0
|  57|0x0000000088b00000, 0x0000000088c00000, 0x0000000088c00000|100%| O|  |TAMS 0x0000000088c00000| PB 0x0000000088b00000| Untracked |  0
|  58|0x0000000088c00000, 0x0000000088d00000, 0x0000000088d00000|100%| O|  |TAMS 0x0000000088d00000| PB 0x0000000088c00000| Untracked |  0
|  59|0x0000000088d00000, 0x0000000088e00000, 0x0000000088e00000|100%| O|  |TAMS 0x0000000088e00000| PB 0x0000000088d00000| Untracked |  0
|  60|0x0000000088e00000, 0x0000000088f00000, 0x0000000088f00000|100%| O|  |TAMS 0x0000000088f00000| PB 0x0000000088e00000| Untracked |  0
|  61|0x0000000088f00000, 0x0000000089000000, 0x0000000089000000|100%| O|  |TAMS 0x0000000089000000| PB 0x0000000088f00000| Untracked |  0
|  62|0x0000000089000000, 0x0000000089100000, 0x0000000089100000|100%|HS|  |TAMS 0x0000000089100000| PB 0x0000000089000000| Complete |  0
|  63|0x0000000089100000, 0x0000000089200000, 0x0000000089200000|100%|HC|  |TAMS 0x0000000089200000| PB 0x0000000089100000| Complete |  0
|  64|0x0000000089200000, 0x0000000089300000, 0x0000000089300000|100%| O|  |TAMS 0x0000000089300000| PB 0x0000000089200000| Untracked |  0
|  65|0x0000000089300000, 0x0000000089400000, 0x0000000089400000|100%| O|  |TAMS 0x0000000089400000| PB 0x0000000089300000| Untracked |  0
|  66|0x0000000089400000, 0x0000000089500000, 0x0000000089500000|100%| O|  |TAMS 0x0000000089500000| PB 0x0000000089400000| Untracked |  0
|  67|0x0000000089500000, 0x0000000089600000, 0x0000000089600000|100%| O|  |TAMS 0x0000000089600000| PB 0x0000000089500000| Untracked |  0
|  68|0x0000000089600000, 0x0000000089700000, 0x0000000089700000|100%| O|  |TAMS 0x0000000089700000| PB 0x0000000089600000| Untracked |  0
|  69|0x0000000089700000, 0x0000000089800000, 0x0000000089800000|100%| O|  |TAMS 0x0000000089800000| PB 0x0000000089700000| Untracked |  0
|  70|0x0000000089800000, 0x0000000089900000, 0x0000000089900000|100%| O|  |TAMS 0x00000000898ff430| PB 0x0000000089800000| Untracked |  0
|  71|0x0000000089900000, 0x0000000089a00000, 0x0000000089a00000|100%| O|  |TAMS 0x0000000089900000| PB 0x0000000089900000| Untracked |  0
|  72|0x0000000089a00000, 0x0000000089b00000, 0x0000000089b00000|100%| O|  |TAMS 0x0000000089a00000| PB 0x0000000089a00000| Untracked |  0
|  73|0x0000000089b00000, 0x0000000089c00000, 0x0000000089c00000|100%| O|  |TAMS 0x0000000089b00000| PB 0x0000000089b00000| Untracked |  0
|  74|0x0000000089c00000, 0x0000000089d00000, 0x0000000089d00000|100%| O|  |TAMS 0x0000000089c00000| PB 0x0000000089c00000| Untracked |  0
|  75|0x0000000089d00000, 0x0000000089d00000, 0x0000000089e00000|  0%| F|  |TAMS 0x0000000089d00000| PB 0x0000000089d00000| Untracked |  0
|  76|0x0000000089e00000, 0x0000000089e00000, 0x0000000089f00000|  0%| F|  |TAMS 0x0000000089e00000| PB 0x0000000089e00000| Untracked |  0
|  77|0x0000000089f00000, 0x0000000089f00000, 0x000000008a000000|  0%| F|  |TAMS 0x0000000089f00000| PB 0x0000000089f00000| Untracked |  0
|  78|0x000000008a000000, 0x000000008a000000, 0x000000008a100000|  0%| F|  |TAMS 0x000000008a000000| PB 0x000000008a000000| Untracked |  0
|  79|0x000000008a100000, 0x000000008a100000, 0x000000008a200000|  0%| F|  |TAMS 0x000000008a100000| PB 0x000000008a100000| Untracked |  0
|  80|0x000000008a200000, 0x000000008a200000, 0x000000008a300000|  0%| F|  |TAMS 0x000000008a200000| PB 0x000000008a200000| Untracked |  0
|  81|0x000000008a300000, 0x000000008a300000, 0x000000008a400000|  0%| F|  |TAMS 0x000000008a300000| PB 0x000000008a300000| Untracked |  0
|  82|0x000000008a400000, 0x000000008a400000, 0x000000008a500000|  0%| F|  |TAMS 0x000000008a400000| PB 0x000000008a400000| Untracked |  0
|  83|0x000000008a500000, 0x000000008a600000, 0x000000008a600000|100%| S|CS|TAMS 0x000000008a500000| PB 0x000000008a500000| Complete |  0
|  84|0x000000008a600000, 0x000000008a700000, 0x000000008a700000|100%| S|CS|TAMS 0x000000008a600000| PB 0x000000008a600000| Complete |  0
|  85|0x000000008a700000, 0x000000008a800000, 0x000000008a800000|100%| S|CS|TAMS 0x000000008a700000| PB 0x000000008a700000| Complete |  0
|  86|0x000000008a800000, 0x000000008a800000, 0x000000008a900000|  0%| F|  |TAMS 0x000000008a800000| PB 0x000000008a800000| Untracked |  0
|  87|0x000000008a900000, 0x000000008a900000, 0x000000008aa00000|  0%| F|  |TAMS 0x000000008a900000| PB 0x000000008a900000| Untracked |  0
|  88|0x000000008aa00000, 0x000000008aa00000, 0x000000008ab00000|  0%| F|  |TAMS 0x000000008aa00000| PB 0x000000008aa00000| Untracked |  0
|  89|0x000000008ab00000, 0x000000008ab00000, 0x000000008ac00000|  0%| F|  |TAMS 0x000000008ab00000| PB 0x000000008ab00000| Untracked |  0
|  90|0x000000008ac00000, 0x000000008ac00000, 0x000000008ad00000|  0%| F|  |TAMS 0x000000008ac00000| PB 0x000000008ac00000| Untracked |  0
|  91|0x000000008ad00000, 0x000000008ad00000, 0x000000008ae00000|  0%| F|  |TAMS 0x000000008ad00000| PB 0x000000008ad00000| Untracked |  0
|  92|0x000000008ae00000, 0x000000008ae00000, 0x000000008af00000|  0%| F|  |TAMS 0x000000008ae00000| PB 0x000000008ae00000| Untracked |  0
|  93|0x000000008af00000, 0x000000008af00000, 0x000000008b000000|  0%| F|  |TAMS 0x000000008af00000| PB 0x000000008af00000| Untracked |  0
|  94|0x000000008b000000, 0x000000008b000000, 0x000000008b100000|  0%| F|  |TAMS 0x000000008b000000| PB 0x000000008b000000| Untracked |  0
|  95|0x000000008b100000, 0x000000008b100000, 0x000000008b200000|  0%| F|  |TAMS 0x000000008b100000| PB 0x000000008b100000| Untracked |  0
|  96|0x000000008b200000, 0x000000008b200000, 0x000000008b300000|  0%| F|  |TAMS 0x000000008b200000| PB 0x000000008b200000| Untracked |  0
|  97|0x000000008b300000, 0x000000008b300000, 0x000000008b400000|  0%| F|  |TAMS 0x000000008b300000| PB 0x000000008b300000| Untracked |  0
|  98|0x000000008b400000, 0x000000008b400000, 0x000000008b500000|  0%| F|  |TAMS 0x000000008b400000| PB 0x000000008b400000| Untracked |  0
|  99|0x000000008b500000, 0x000000008b500000, 0x000000008b600000|  0%| F|  |TAMS 0x000000008b500000| PB 0x000000008b500000| Untracked |  0
| 100|0x000000008b600000, 0x000000008b600000, 0x000000008b700000|  0%| F|  |TAMS 0x000000008b600000| PB 0x000000008b600000| Untracked |  0
| 101|0x000000008b700000, 0x000000008b700000, 0x000000008b800000|  0%| F|  |TAMS 0x000000008b700000| PB 0x000000008b700000| Untracked |  0
| 102|0x000000008b800000, 0x000000008b800000, 0x000000008b900000|  0%| F|  |TAMS 0x000000008b800000| PB 0x000000008b800000| Untracked |  0
| 103|0x000000008b900000, 0x000000008b900000, 0x000000008ba00000|  0%| F|  |TAMS 0x000000008b900000| PB 0x000000008b900000| Untracked |  0
| 104|0x000000008ba00000, 0x000000008ba00000, 0x000000008bb00000|  0%| F|  |TAMS 0x000000008ba00000| PB 0x000000008ba00000| Untracked |  0
| 105|0x000000008bb00000, 0x000000008bb00000, 0x000000008bc00000|  0%| F|  |TAMS 0x000000008bb00000| PB 0x000000008bb00000| Untracked |  0
| 106|0x000000008bc00000, 0x000000008bc00000, 0x000000008bd00000|  0%| F|  |TAMS 0x000000008bc00000| PB 0x000000008bc00000| Untracked |  0
| 107|0x000000008bd00000, 0x000000008bd00000, 0x000000008be00000|  0%| F|  |TAMS 0x000000008bd00000| PB 0x000000008bd00000| Untracked |  0
| 108|0x000000008be00000, 0x000000008be00000, 0x000000008bf00000|  0%| F|  |TAMS 0x000000008be00000| PB 0x000000008be00000| Untracked |  0
| 109|0x000000008bf00000, 0x000000008bf00000, 0x000000008c000000|  0%| F|  |TAMS 0x000000008bf00000| PB 0x000000008bf00000| Untracked |  0
| 110|0x000000008c000000, 0x000000008c000000, 0x000000008c100000|  0%| F|  |TAMS 0x000000008c000000| PB 0x000000008c000000| Untracked |  0
| 111|0x000000008c100000, 0x000000008c100000, 0x000000008c200000|  0%| F|  |TAMS 0x000000008c100000| PB 0x000000008c100000| Untracked |  0
| 112|0x000000008c200000, 0x000000008c200000, 0x000000008c300000|  0%| F|  |TAMS 0x000000008c200000| PB 0x000000008c200000| Untracked |  0
| 113|0x000000008c300000, 0x000000008c300000, 0x000000008c400000|  0%| F|  |TAMS 0x000000008c300000| PB 0x000000008c300000| Untracked |  0
| 114|0x000000008c400000, 0x000000008c400000, 0x000000008c500000|  0%| F|  |TAMS 0x000000008c400000| PB 0x000000008c400000| Untracked |  0
| 115|0x000000008c500000, 0x000000008c500000, 0x000000008c600000|  0%| F|  |TAMS 0x000000008c500000| PB 0x000000008c500000| Untracked |  0
| 116|0x000000008c600000, 0x000000008c600000, 0x000000008c700000|  0%| F|  |TAMS 0x000000008c600000| PB 0x000000008c600000| Untracked |  0
| 117|0x000000008c700000, 0x000000008c700000, 0x000000008c800000|  0%| F|  |TAMS 0x000000008c700000| PB 0x000000008c700000| Untracked |  0
| 118|0x000000008c800000, 0x000000008c800000, 0x000000008c900000|  0%| F|  |TAMS 0x000000008c800000| PB 0x000000008c800000| Untracked |  0
| 119|0x000000008c900000, 0x000000008c900000, 0x000000008ca00000|  0%| F|  |TAMS 0x000000008c900000| PB 0x000000008c900000| Untracked |  0
| 120|0x000000008ca00000, 0x000000008ca00000, 0x000000008cb00000|  0%| F|  |TAMS 0x000000008ca00000| PB 0x000000008ca00000| Untracked |  0
| 121|0x000000008cb00000, 0x000000008cb00000, 0x000000008cc00000|  0%| F|  |TAMS 0x000000008cb00000| PB 0x000000008cb00000| Untracked |  0
| 122|0x000000008cc00000, 0x000000008cc00000, 0x000000008cd00000|  0%| F|  |TAMS 0x000000008cc00000| PB 0x000000008cc00000| Untracked |  0
| 123|0x000000008cd00000, 0x000000008cd00000, 0x000000008ce00000|  0%| F|  |TAMS 0x000000008cd00000| PB 0x000000008cd00000| Untracked |  0
|1963|0x00000000ffd00000, 0x00000000ffe00000, 0x00000000ffe00000|100%| O|  |TAMS 0x00000000ffe00000| PB 0x00000000ffd00000| Untracked |  0
|1964|0x00000000ffe00000, 0x00000000fff00000, 0x00000000fff00000|100%| O|  |TAMS 0x00000000fff00000| PB 0x00000000ffe00000| Untracked |  0
|1965|0x00000000fff00000, 0x0000000100000000, 0x0000000100000000|100%| O|  |TAMS 0x0000000100000000| PB 0x00000000fff00000| Untracked |  0

Card table byte_map: [0x000002577bcd0000,0x000002577c0b0000] _byte_map_base: 0x000002577b8a7000

Marking Bits: (CMBitMap*) 0x000002577b874a90
 Bits: [0x000002577c0b0000, 0x000002577df68000)

Polling page: 0x000002577aff0000

Metaspace:

Usage:
  Non-class:     67.46 MB used.
      Class:     10.99 MB used.
       Both:     78.45 MB used.

Virtual space:
  Non-class space:      128.00 MB reserved,      67.88 MB ( 53%) committed,  2 nodes.
      Class space:        1.00 GB reserved,      11.31 MB (  1%) committed,  1 nodes.
             Both:        1.12 GB reserved,      79.19 MB (  7%) committed. 

Chunk freelists:
   Non-Class:  11.97 MB
       Class:  4.73 MB
        Both:  16.70 MB

MaxMetaspaceSize: unlimited
CompressedClassSpaceSize: 1.00 GB
Initial GC threshold: 21.00 MB
Current GC threshold: 132.00 MB
CDS: on
 - commit_granule_bytes: 65536.
 - commit_granule_words: 8192.
 - virtual_space_node_default_size: 8388608.
 - enlarge_chunks_in_place: 1.
 - use_allocation_guard: 0.


Internal statistics:

num_allocs_failed_limit: 12.
num_arena_births: 946.
num_arena_deaths: 0.
num_vsnodes_births: 3.
num_vsnodes_deaths: 0.
num_space_committed: 1267.
num_space_uncommitted: 0.
num_chunks_returned_to_freelist: 12.
num_chunks_taken_from_freelist: 3732.
num_chunk_merges: 12.
num_chunk_splits: 2754.
num_chunks_enlarged: 2212.
num_inconsistent_stats: 0.

CodeHeap 'non-profiled nmethods': size=120000Kb used=3205Kb max_used=3475Kb free=116795Kb
 bounds [0x000002570fd50000, 0x00000257100c0000, 0x0000025717280000]
CodeHeap 'profiled nmethods': size=120000Kb used=10426Kb max_used=11661Kb free=109573Kb
 bounds [0x0000025708280000, 0x0000025708df0000, 0x000002570f7b0000]
CodeHeap 'non-nmethods': size=5760Kb used=1748Kb max_used=1805Kb free=4011Kb
 bounds [0x000002570f7b0000, 0x000002570fa20000, 0x000002570fd50000]
 total_blobs=6660 nmethods=5893 adapters=670
 compilation: enabled
              stopped_count=0, restarted_count=0
 full_count=0

Compilation events (20 events):
Event: 20.721 Thread 0x0000025717777fe0 nmethod 7072 0x000002570feadd90 code [0x000002570feadfc0, 0x000002570feaebb8]
Event: 20.721 Thread 0x0000025717777fe0 6897       4       org.antlr.v4.runtime.atn.SingletonPredictionContext::equals (72 bytes)
Event: 20.725 Thread 0x0000025717777fe0 nmethod 6897 0x000002570fee4790 code [0x000002570fee4960, 0x000002570fee4cb0]
Event: 20.726 Thread 0x0000025717777fe0 6927       4       org.antlr.v4.runtime.atn.ATNState::transition (14 bytes)
Event: 20.728 Thread 0x0000025717777fe0 nmethod 6927 0x000002570fd67690 code [0x000002570fd67820, 0x000002570fd679e0]
Event: 20.728 Thread 0x0000025717777fe0 6903       4       org.antlr.v4.runtime.atn.ParserATNSimulator::getEpsilonTarget (155 bytes)
Event: 20.735 Thread 0x0000025717777fe0 nmethod 6903 0x000002570ffc5390 code [0x000002570ffc5580, 0x000002570ffc5b50]
Event: 20.735 Thread 0x0000025717777fe0 6910       4       org.antlr.v4.runtime.atn.ATNConfig::<init> (37 bytes)
Event: 20.738 Thread 0x00000257177832b0 7078       3       java.lang.invoke.VarHandleGuards::guard_LLL_Z (86 bytes)
Event: 20.739 Thread 0x0000025717777fe0 nmethod 6910 0x000002570fe7d110 code [0x000002570fe7d2a0, 0x000002570fe7d618]
Event: 20.739 Thread 0x0000025717777fe0 6924       4       org.antlr.v4.runtime.misc.MurmurHash::update (17 bytes)
Event: 20.740 Thread 0x00000257177832b0 nmethod 7078 0x0000025708403310 code [0x0000025708403660, 0x0000025708404f68]
Event: 20.741 Thread 0x0000025717777fe0 nmethod 6924 0x000002570fe25010 code [0x000002570fe251a0, 0x000002570fe252b8]
Event: 20.741 Thread 0x0000025717777fe0 7020       4       org.antlr.v4.runtime.misc.DoubleKeyMap::get (28 bytes)
Event: 20.754 Thread 0x0000025717777fe0 nmethod 7020 0x000002570feea310 code [0x000002570feea520, 0x000002570feeaca8]
Event: 20.754 Thread 0x0000025717777fe0 6907       4       org.antlr.v4.runtime.atn.PredictionContext::mergeSingletons (392 bytes)
Event: 20.770 Thread 0x00000257177832b0 7080       2       org.antlr.v4.runtime.atn.ParserATNSimulator::getUniqueAlt (53 bytes)
Event: 20.770 Thread 0x00000257177832b0 nmethod 7080 0x000002570829d890 code [0x000002570829da60, 0x000002570829dd80]
Event: 20.783 Thread 0x0000025717777fe0 nmethod 6907 0x00000257100a3590 code [0x00000257100a3840, 0x00000257100a4ad8]
Event: 20.784 Thread 0x0000025717777fe0 7079       4       java.util.IdentityHashMap::get (60 bytes)

GC Heap History (20 events):
Event: 17.093 GC heap after
{Heap after GC invocations=15 (full 0):
 garbage-first heap   total reserved 2013184K, committed 70656K, used 31475K [0x0000000085200000, 0x0000000100000000)
  region size 1024K, 3 young (3072K), 3 survivors (3072K)
 Metaspace       used 67515K, committed 68160K, reserved 1114112K
  class space    used 9433K, committed 9728K, reserved 1048576K
}
Event: 18.244 GC heap before
{Heap before GC invocations=15 (full 0):
 garbage-first heap   total reserved 2013184K, committed 70656K, used 61171K [0x0000000085200000, 0x0000000100000000)
  region size 1024K, 33 young (33792K), 3 survivors (3072K)
 Metaspace       used 75280K, committed 75968K, reserved 1114112K
  class space    used 10415K, committed 10752K, reserved 1048576K
}
Event: 18.261 GC heap after
{Heap after GC invocations=16 (full 0):
 garbage-first heap   total reserved 2013184K, committed 70656K, used 33792K [0x0000000085200000, 0x0000000100000000)
  region size 1024K, 5 young (5120K), 5 survivors (5120K)
 Metaspace       used 75280K, committed 75968K, reserved 1114112K
  class space    used 10415K, committed 10752K, reserved 1048576K
}
Event: 19.445 GC heap before
{Heap before GC invocations=16 (full 0):
 garbage-first heap   total reserved 2013184K, committed 70656K, used 61440K [0x0000000085200000, 0x0000000100000000)
  region size 1024K, 32 young (32768K), 5 survivors (5120K)
 Metaspace       used 80272K, committed 81024K, reserved 1179648K
  class space    used 11248K, committed 11584K, reserved 1048576K
}
Event: 19.459 GC heap after
{Heap after GC invocations=17 (full 0):
 garbage-first heap   total reserved 2013184K, committed 70656K, used 37024K [0x0000000085200000, 0x0000000100000000)
  region size 1024K, 3 young (3072K), 3 survivors (3072K)
 Metaspace       used 80272K, committed 81024K, reserved 1179648K
  class space    used 11248K, committed 11584K, reserved 1048576K
}
Event: 19.690 GC heap before
{Heap before GC invocations=17 (full 0):
 garbage-first heap   total reserved 2013184K, committed 70656K, used 62624K [0x0000000085200000, 0x0000000100000000)
  region size 1024K, 28 young (28672K), 3 survivors (3072K)
 Metaspace       used 80337K, committed 81088K, reserved 1179648K
  class space    used 11254K, committed 11584K, reserved 1048576K
}
Event: 19.704 GC heap after
{Heap after GC invocations=18 (full 0):
 garbage-first heap   total reserved 2013184K, committed 70656K, used 41349K [0x0000000085200000, 0x0000000100000000)
  region size 1024K, 4 young (4096K), 4 survivors (4096K)
 Metaspace       used 80337K, committed 81088K, reserved 1179648K
  class space    used 11254K, committed 11584K, reserved 1048576K
}
Event: 19.951 GC heap before
{Heap before GC invocations=19 (full 0):
 garbage-first heap   total reserved 2013184K, committed 70656K, used 60805K [0x0000000085200000, 0x0000000100000000)
  region size 1024K, 24 young (24576K), 4 survivors (4096K)
 Metaspace       used 80337K, committed 81088K, reserved 1179648K
  class space    used 11254K, committed 11584K, reserved 1048576K
}
Event: 19.976 GC heap after
{Heap after GC invocations=20 (full 0):
 garbage-first heap   total reserved 2013184K, committed 73728K, used 48640K [0x0000000085200000, 0x0000000100000000)
  region size 1024K, 3 young (3072K), 3 survivors (3072K)
 Metaspace       used 80337K, committed 81088K, reserved 1179648K
  class space    used 11254K, committed 11584K, reserved 1048576K
}
Event: 20.116 GC heap before
{Heap before GC invocations=20 (full 0):
 garbage-first heap   total reserved 2013184K, committed 73728K, used 62976K [0x0000000085200000, 0x0000000100000000)
  region size 1024K, 17 young (17408K), 3 survivors (3072K)
 Metaspace       used 80337K, committed 81088K, reserved 1179648K
  class space    used 11254K, committed 11584K, reserved 1048576K
}
Event: 20.139 GC heap after
{Heap after GC invocations=21 (full 0):
 garbage-first heap   total reserved 2013184K, committed 89088K, used 53760K [0x0000000085200000, 0x0000000100000000)
  region size 1024K, 3 young (3072K), 3 survivors (3072K)
 Metaspace       used 80337K, committed 81088K, reserved 1179648K
  class space    used 11254K, committed 11584K, reserved 1048576K
}
Event: 20.162 GC heap before
{Heap before GC invocations=21 (full 0):
 garbage-first heap   total reserved 2013184K, committed 89088K, used 55808K [0x0000000085200000, 0x0000000100000000)
  region size 1024K, 6 young (6144K), 3 survivors (3072K)
 Metaspace       used 80337K, committed 81088K, reserved 1179648K
  class space    used 11254K, committed 11584K, reserved 1048576K
}
Event: 20.177 GC heap after
{Heap after GC invocations=22 (full 0):
 garbage-first heap   total reserved 2013184K, committed 89088K, used 55606K [0x0000000085200000, 0x0000000100000000)
  region size 1024K, 2 young (2048K), 2 survivors (2048K)
 Metaspace       used 80337K, committed 81088K, reserved 1179648K
  class space    used 11254K, committed 11584K, reserved 1048576K
}
Event: 20.315 GC heap before
{Heap before GC invocations=22 (full 0):
 garbage-first heap   total reserved 2013184K, committed 89088K, used 74038K [0x0000000085200000, 0x0000000100000000)
  region size 1024K, 19 young (19456K), 2 survivors (2048K)
 Metaspace       used 80337K, committed 81088K, reserved 1179648K
  class space    used 11254K, committed 11584K, reserved 1048576K
}
Event: 20.340 GC heap after
{Heap after GC invocations=23 (full 0):
 garbage-first heap   total reserved 2013184K, committed 89088K, used 63232K [0x0000000085200000, 0x0000000100000000)
  region size 1024K, 3 young (3072K), 3 survivors (3072K)
 Metaspace       used 80337K, committed 81088K, reserved 1179648K
  class space    used 11254K, committed 11584K, reserved 1048576K
}
Event: 20.452 GC heap before
{Heap before GC invocations=24 (full 0):
 garbage-first heap   total reserved 2013184K, committed 106496K, used 76544K [0x0000000085200000, 0x0000000100000000)
  region size 1024K, 16 young (16384K), 3 survivors (3072K)
 Metaspace       used 80337K, committed 81088K, reserved 1179648K
  class space    used 11254K, committed 11584K, reserved 1048576K
}
Event: 20.475 GC heap after
{Heap after GC invocations=25 (full 0):
 garbage-first heap   total reserved 2013184K, committed 106496K, used 68096K [0x0000000085200000, 0x0000000100000000)
  region size 1024K, 2 young (2048K), 2 survivors (2048K)
 Metaspace       used 80337K, committed 81088K, reserved 1179648K
  class space    used 11254K, committed 11584K, reserved 1048576K
}
Event: 20.655 GC heap before
{Heap before GC invocations=25 (full 0):
 garbage-first heap   total reserved 2013184K, committed 106496K, used 89600K [0x0000000085200000, 0x0000000100000000)
  region size 1024K, 21 young (21504K), 2 survivors (2048K)
 Metaspace       used 80337K, committed 81088K, reserved 1179648K
  class space    used 11254K, committed 11584K, reserved 1048576K
}
Event: 20.694 GC heap after
{Heap after GC invocations=26 (full 0):
 garbage-first heap   total reserved 2013184K, committed 106496K, used 76797K [0x0000000085200000, 0x0000000100000000)
  region size 1024K, 3 young (3072K), 3 survivors (3072K)
 Metaspace       used 80337K, committed 81088K, reserved 1179648K
  class space    used 11254K, committed 11584K, reserved 1048576K
}
Event: 20.784 GC heap before
{Heap before GC invocations=26 (full 0):
 garbage-first heap   total reserved 2013184K, committed 106496K, used 92157K [0x0000000085200000, 0x0000000100000000)
  region size 1024K, 18 young (18432K), 3 survivors (3072K)
 Metaspace       used 80337K, committed 81088K, reserved 1179648K
  class space    used 11254K, committed 11584K, reserved 1048576K
}

Dll operation events (11 events):
Event: 0.019 Loaded shared library C:\Program Files\Java\jdk-22\bin\java.dll
Event: 0.079 Loaded shared library C:\Program Files\Java\jdk-22\bin\jsvml.dll
Event: 0.118 Loaded shared library C:\Program Files\Java\jdk-22\bin\net.dll
Event: 0.122 Loaded shared library C:\Program Files\Java\jdk-22\bin\nio.dll
Event: 0.128 Loaded shared library C:\Program Files\Java\jdk-22\bin\zip.dll
Event: 0.254 Loaded shared library C:\Program Files\Java\jdk-22\bin\management.dll
Event: 0.268 Loaded shared library C:\Program Files\Java\jdk-22\bin\management_ext.dll
Event: 0.309 Loaded shared library C:\Program Files\Java\jdk-22\bin\jimage.dll
Event: 5.124 Loaded shared library C:\Program Files\Java\jdk-22\bin\le.dll
Event: 6.409 Loaded shared library C:\Program Files\Java\jdk-22\bin\sunmscapi.dll
Event: 18.047 Loaded shared library C:\Program Files\Java\jdk-22\bin\extnet.dll

Deoptimization events (20 events):
Event: 20.222 Thread 0x0000025779778a90 DEOPT PACKING pc=0x0000025708dd1a11 sp=0x00000099c7bf7420
Event: 20.222 Thread 0x0000025779778a90 DEOPT UNPACKING pc=0x000002570f804e42 sp=0x00000099c7bf68c0 mode 0
Event: 20.271 Thread 0x0000025779778a90 Uncommon trap: trap_request=0xffffffbe fr.pc=0x000002570fed7280 relative=0x0000000000000ee0
Event: 20.271 Thread 0x0000025779778a90 Uncommon trap: reason=profile_predicate action=maybe_recompile pc=0x000002570fed7280 method=org.antlr.v4.runtime.misc.Array2DHashSet.getOrAddImpl(Ljava/lang/Object;)Ljava/lang/Object; @ 56 c2
Event: 20.271 Thread 0x0000025779778a90 DEOPT PACKING pc=0x000002570fed7280 sp=0x00000099c7bf8190
Event: 20.271 Thread 0x0000025779778a90 DEOPT UNPACKING pc=0x000002570f8046a2 sp=0x00000099c7bf8168 mode 2
Event: 20.271 Thread 0x0000025779778a90 Uncommon trap: trap_request=0xffffffbe fr.pc=0x000002570fed7280 relative=0x0000000000000ee0
Event: 20.271 Thread 0x0000025779778a90 Uncommon trap: reason=profile_predicate action=maybe_recompile pc=0x000002570fed7280 method=org.antlr.v4.runtime.misc.Array2DHashSet.getOrAddImpl(Ljava/lang/Object;)Ljava/lang/Object; @ 56 c2
Event: 20.271 Thread 0x0000025779778a90 DEOPT PACKING pc=0x000002570fed7280 sp=0x00000099c7bf8190
Event: 20.272 Thread 0x0000025779778a90 DEOPT UNPACKING pc=0x000002570f8046a2 sp=0x00000099c7bf8168 mode 2
Event: 20.272 Thread 0x0000025779778a90 Uncommon trap: trap_request=0xffffffbe fr.pc=0x000002570fed7280 relative=0x0000000000000ee0
Event: 20.272 Thread 0x0000025779778a90 Uncommon trap: reason=profile_predicate action=maybe_recompile pc=0x000002570fed7280 method=org.antlr.v4.runtime.misc.Array2DHashSet.getOrAddImpl(Ljava/lang/Object;)Ljava/lang/Object; @ 56 c2
Event: 20.272 Thread 0x0000025779778a90 DEOPT PACKING pc=0x000002570fed7280 sp=0x00000099c7bf8190
Event: 20.272 Thread 0x0000025779778a90 DEOPT UNPACKING pc=0x000002570f8046a2 sp=0x00000099c7bf8168 mode 2
Event: 20.272 Thread 0x0000025779778a90 Uncommon trap: trap_request=0xffffffbe fr.pc=0x000002570fed7280 relative=0x0000000000000ee0
Event: 20.272 Thread 0x0000025779778a90 Uncommon trap: reason=profile_predicate action=maybe_recompile pc=0x000002570fed7280 method=org.antlr.v4.runtime.misc.Array2DHashSet.getOrAddImpl(Ljava/lang/Object;)Ljava/lang/Object; @ 56 c2
Event: 20.272 Thread 0x0000025779778a90 DEOPT PACKING pc=0x000002570fed7280 sp=0x00000099c7bf8190
Event: 20.272 Thread 0x0000025779778a90 DEOPT UNPACKING pc=0x000002570f8046a2 sp=0x00000099c7bf8168 mode 2
Event: 20.369 Thread 0x0000025779778a90 DEOPT PACKING pc=0x00000257083b7762 sp=0x00000099c7bf86e0
Event: 20.369 Thread 0x0000025779778a90 DEOPT UNPACKING pc=0x000002570f804e42 sp=0x00000099c7bf7c00 mode 0

Classes loaded (20 events):
Event: 18.105 Loading class sun/reflect/generics/reflectiveObjects/GenericArrayTypeImpl
Event: 18.105 Loading class sun/reflect/generics/reflectiveObjects/GenericArrayTypeImpl done
Event: 18.372 Loading class java/util/WeakHashMap$KeyIterator
Event: 18.372 Loading class java/util/WeakHashMap$KeyIterator done
Event: 18.441 Loading class java/lang/Package$1PackageInfoProxy
Event: 18.441 Loading class java/lang/Package$1PackageInfoProxy done
Event: 18.559 Loading class java/util/concurrent/atomic/Striped64$1
Event: 18.559 Loading class java/util/concurrent/atomic/Striped64$1 done
Event: 18.668 Loading class java/util/regex/Pattern$Behind
Event: 18.668 Loading class java/util/regex/Pattern$Behind done
Event: 18.710 Loading class java/lang/invoke/SerializedLambda
Event: 18.710 Loading class java/lang/invoke/SerializedLambda done
Event: 18.819 Loading class java/util/regex/Pattern$Neg
Event: 18.819 Loading class java/util/regex/Pattern$Neg done
Event: 18.824 Loading class java/util/regex/Pattern$Bound
Event: 18.824 Loading class java/util/regex/Pattern$Bound done
Event: 18.873 Loading class java/util/EmptyStackException
Event: 18.873 Loading class java/util/EmptyStackException done
Event: 19.264 Loading class java/io/InvalidClassException
Event: 19.265 Loading class java/io/InvalidClassException done

Classes unloaded (0 events):
No events

Classes redefined (0 events):
No events

Internal exceptions (20 events):
Event: 17.125 Thread 0x0000025779778a90 Exception <a 'java/lang/NoSuchMethodError'{0x000000008cdd69a0}: 'java.lang.Object java.lang.invoke.DirectMethodHandle$Holder.newInvokeSpecial(java.lang.Object, java.lang.Object, int, java.lang.Object)'> (0x000000008cdd69a0) 
thrown [s\open\src\hotspot\share\interpreter\linkResolver.cpp, line 774]
Event: 17.146 Thread 0x0000025779778a90 Exception <a 'java/lang/NoSuchMethodError'{0x000000008cc54388}: 'void java.lang.invoke.DirectMethodHandle$Holder.invokeSpecial(java.lang.Object, java.lang.Object, java.lang.Object, java.lang.Object, java.lang.Object, java.lang.Object, java.lang.Object, java.lang.Object)'> (0x000000008cc54388) 
thrown [s\open\src\hotspot\share\interpreter\linkResolver.cpp, line 774]
Event: 17.157 Thread 0x0000025779778a90 Exception <a 'java/lang/IncompatibleClassChangeError'{0x000000008cc98038}: Found class java.lang.Object, but interface was expected> (0x000000008cc98038) 
thrown [s\open\src\hotspot\share\interpreter\linkResolver.cpp, line 841]
Event: 17.202 Thread 0x0000025779778a90 Exception <a 'java/lang/NoSuchMethodError'{0x0000000089c24c38}: 'int java.lang.invoke.DirectMethodHandle$Holder.invokeStatic(java.lang.Object, int, java.lang.Object)'> (0x0000000089c24c38) 
thrown [s\open\src\hotspot\share\interpreter\linkResolver.cpp, line 774]
Event: 17.210 Thread 0x0000025779778a90 Exception <a 'java/lang/NoSuchMethodError'{0x0000000089c74900}: 'java.lang.Object java.lang.invoke.DirectMethodHandle$Holder.newInvokeSpecial(java.lang.Object, java.lang.Object, java.lang.Object, java.lang.Object, java.lang.Object, java.lang.Object, java.lang.Object, java.lang.Object, java.lang.Object, java.lang.Object, java.lang.Object, java.lang.Object)'> (0x0000000089c74900) 
thrown [s\open\src\hotspot\share\interpreter\linkResolver.cpp, line 774]
Event: 17.211 Thread 0x0000025779778a90 Exception <a 'java/lang/NoSuchMethodError'{0x0000000089c799b8}: 'java.lang.Object java.lang.invoke.DirectMethodHandle$Holder.invokeSpecial(java.lang.Object, java.lang.Object, java.lang.Object, java.lang.Object, java.lang.Object, java.lang.Object, java.lang.Object, java.lang.Object, java.lang.Object, java.lang.Object, java.lang.Object, java.lang.Object, java.lang.Object)'> (0x0000000089c799b8) 
thrown [s\open\src\hotspot\share\interpreter\linkResolver.cpp, line 774]
Event: 17.211 Thread 0x0000025779778a90 Exception <a 'java/lang/NoSuchMethodError'{0x0000000089c7e658}: 'java.lang.Object java.lang.invoke.Invokers$Holder.linkToTargetMethod(java.lang.Object, java.lang.Object, java.lang.Object, java.lang.Object, java.lang.Object, java.lang.Object, java.lang.Object, java.lang.Object, java.lang.Object, java.lang.Object, java.lang.Object, java.lang.Object)'> (0x0000000089c7e658) 
thrown [s\open\src\hotspot\share\interpreter\linkResolver.cpp, line 774]
Event: 17.268 Thread 0x0000025779778a90 Exception <a 'java/lang/IncompatibleClassChangeError'{0x0000000089a43ff8}: Found class java.lang.Object, but interface was expected> (0x0000000089a43ff8) 
thrown [s\open\src\hotspot\share\interpreter\linkResolver.cpp, line 841]
Event: 17.622 Thread 0x0000025779778a90 Exception <a 'java/lang/NoSuchMethodError'{0x00000000888a6df8}: 'void java.lang.invoke.Invokers$Holder.invokeExact_MT(java.lang.Object, java.lang.Object, java.lang.Object, java.lang.Object)'> (0x00000000888a6df8) 
thrown [s\open\src\hotspot\share\interpreter\linkResolver.cpp, line 774]
Event: 17.673 Thread 0x0000025779778a90 Implicit null exception at 0x000002570ff17244 to 0x000002570ff172c4
Event: 17.673 Thread 0x0000025779778a90 Exception <a 'java/lang/NoSuchMethodError'{0x00000000886af7e0}: 'java.lang.Object java.lang.invoke.DirectMethodHandle$Holder.newInvokeSpecial(java.lang.Object, java.lang.Object, java.lang.Object, java.lang.Object, long)'> (0x00000000886af7e0) 
thrown [s\open\src\hotspot\share\interpreter\linkResolver.cpp, line 774]
Event: 17.674 Thread 0x0000025779778a90 Implicit null exception at 0x000002570ffc5680 to 0x000002570ffc58f4
Event: 17.674 Thread 0x0000025779778a90 Exception <a 'java/lang/NoSuchMethodError'{0x00000000886b4118}: 'java.lang.Object java.lang.invoke.DirectMethodHandle$Holder.invokeSpecial(java.lang.Object, java.lang.Object, java.lang.Object, java.lang.Object, java.lang.Object, long)'> (0x00000000886b4118) 
thrown [s\open\src\hotspot\share\interpreter\linkResolver.cpp, line 774]
Event: 17.741 Thread 0x0000025779778a90 Exception <a 'sun/nio/fs/WindowsException'{0x000000008853b538}> (0x000000008853b538) 
thrown [s\open\src\hotspot\share\prims\jni.cpp, line 520]
Event: 18.128 Thread 0x0000025779778a90 Implicit null exception at 0x000002570ffdf800 to 0x000002570ffe1664
Event: 18.178 Thread 0x0000025779778a90 Exception <a 'java/lang/IncompatibleClassChangeError'{0x0000000087bdde70}: Found class java.lang.Object, but interface was expected> (0x0000000087bdde70) 
thrown [s\open\src\hotspot\share\interpreter\linkResolver.cpp, line 841]
Event: 18.262 Thread 0x0000025779778a90 Exception <a 'java/lang/IncompatibleClassChangeError'{0x000000008cd00690}: Found class java.lang.Object, but interface was expected> (0x000000008cd00690) 
thrown [s\open\src\hotspot\share\interpreter\linkResolver.cpp, line 841]
Event: 18.445 Thread 0x0000025779778a90 Exception <a 'java/lang/NoSuchMethodError'{0x0000000089b2eca0}: 'void java.lang.invoke.DirectMethodHandle$Holder.invokeSpecial(java.lang.Object, java.lang.Object, java.lang.Object, java.lang.Object, java.lang.Object, java.lang.Object, java.lang.Object)'> (0x0000000089b2eca0) 
thrown [s\open\src\hotspot\share\interpreter\linkResolver.cpp, line 774]
Event: 18.659 Thread 0x0000025779778a90 Exception <a 'java/lang/IncompatibleClassChangeError'{0x0000000088d57118}: Found class java.lang.Object, but interface was expected> (0x0000000088d57118) 
thrown [s\open\src\hotspot\share\interpreter\linkResolver.cpp, line 841]
Event: 18.827 Thread 0x0000025779778a90 Exception <a 'java/lang/IncompatibleClassChangeError'{0x00000000889de6b0}: Found class java.lang.Object, but interface was expected> (0x00000000889de6b0) 
thrown [s\open\src\hotspot\share\interpreter\linkResolver.cpp, line 841]

ZGC Phase Switch (0 events):
No events

VM Operations (20 events):
Event: 19.784 Executing VM operation: G1PauseRemark done
Event: 19.813 Executing VM operation: G1PauseCleanup
Event: 19.813 Executing VM operation: G1PauseCleanup done
Event: 19.951 Executing VM operation: G1CollectForAllocation (G1 Evacuation Pause)
Event: 19.976 Executing VM operation: G1CollectForAllocation (G1 Evacuation Pause) done
Event: 20.116 Executing VM operation: G1CollectForAllocation (G1 Evacuation Pause)
Event: 20.139 Executing VM operation: G1CollectForAllocation (G1 Evacuation Pause) done
Event: 20.162 Executing VM operation: G1TryInitiateConcMark (G1 Humongous Allocation)
Event: 20.177 Executing VM operation: G1TryInitiateConcMark (G1 Humongous Allocation) done
Event: 20.315 Executing VM operation: G1CollectForAllocation (G1 Evacuation Pause)
Event: 20.340 Executing VM operation: G1CollectForAllocation (G1 Evacuation Pause) done
Event: 20.349 Executing VM operation: G1PauseRemark
Event: 20.358 Executing VM operation: G1PauseRemark done
Event: 20.423 Executing VM operation: G1PauseCleanup
Event: 20.423 Executing VM operation: G1PauseCleanup done
Event: 20.452 Executing VM operation: G1CollectForAllocation (G1 Evacuation Pause)
Event: 20.475 Executing VM operation: G1CollectForAllocation (G1 Evacuation Pause) done
Event: 20.655 Executing VM operation: G1CollectForAllocation (G1 Evacuation Pause)
Event: 20.694 Executing VM operation: G1CollectForAllocation (G1 Evacuation Pause) done
Event: 20.784 Executing VM operation: G1CollectForAllocation (G1 Evacuation Pause)

Events (20 events):
Event: 20.357 Thread 0x0000025717729b90 flushing nmethod 0x0000025708ced790
Event: 20.357 Thread 0x0000025717729b90 flushing nmethod 0x0000025708cefe90
Event: 20.357 Thread 0x0000025717729b90 flushing nmethod 0x0000025708cf1510
Event: 20.357 Thread 0x0000025717729b90 flushing nmethod 0x0000025708cf1e10
Event: 20.357 Thread 0x0000025717729b90 flushing nmethod 0x0000025708d37790
Event: 20.357 Thread 0x0000025717729b90 flushing nmethod 0x0000025708d45590
Event: 20.357 Thread 0x0000025717729b90 flushing nmethod 0x0000025708d56710
Event: 20.357 Thread 0x0000025717729b90 flushing nmethod 0x0000025708d8d610
Event: 20.357 Thread 0x0000025717729b90 flushing nmethod 0x0000025708d92890
Event: 20.357 Thread 0x0000025717729b90 flushing nmethod 0x0000025708db4210
Event: 20.357 Thread 0x0000025717729b90 flushing nmethod 0x0000025708db8a90
Event: 20.357 Thread 0x0000025717729b90 flushing nmethod 0x0000025708dbf190
Event: 20.357 Thread 0x0000025717729b90 flushing nmethod 0x0000025708dbf610
Event: 20.357 Thread 0x0000025717729b90 flushing nmethod 0x0000025708dbfc10
Event: 20.357 Thread 0x0000025717729b90 flushing nmethod 0x0000025708dc0910
Event: 20.357 Thread 0x0000025717729b90 flushing nmethod 0x0000025708dc1410
Event: 20.357 Thread 0x0000025717729b90 flushing nmethod 0x0000025708dc2110
Event: 20.357 Thread 0x0000025717729b90 flushing nmethod 0x0000025708dc2510
Event: 20.357 Thread 0x0000025717729b90 flushing nmethod 0x0000025708dc2990
Event: 20.357 Thread 0x0000025717729b90 flushing nmethod 0x0000025708dc4090


Dynamic libraries:
0x00007ff6174d0000 - 0x00007ff6174e0000 	C:\Program Files\Java\jdk-22\bin\java.exe
0x00007ffdf1bf0000 - 0x00007ffdf1de9000 	C:\Windows\SYSTEM32\ntdll.dll
0x00007ffdf0f60000 - 0x00007ffdf1022000 	C:\Windows\System32\KERNEL32.DLL
0x00007ffdef390000 - 0x00007ffdef687000 	C:\Windows\System32\KERNELBASE.dll
0x00007ffdef290000 - 0x00007ffdef390000 	C:\Windows\System32\ucrtbase.dll
0x00007ffde84e0000 - 0x00007ffde84fb000 	C:\Program Files\Java\jdk-22\bin\VCRUNTIME140.dll
0x00007ffde7d30000 - 0x00007ffde7d47000 	C:\Program Files\Java\jdk-22\bin\jli.dll
0x00007ffdf1930000 - 0x00007ffdf19e1000 	C:\Windows\System32\ADVAPI32.dll
0x00007ffdf0980000 - 0x00007ffdf0a1e000 	C:\Windows\System32\msvcrt.dll
0x00007ffdefbf0000 - 0x00007ffdefc8f000 	C:\Windows\System32\sechost.dll
0x00007ffdf19f0000 - 0x00007ffdf1b16000 	C:\Windows\System32\RPCRT4.dll
0x00007ffdef8c0000 - 0x00007ffdef8e7000 	C:\Windows\System32\bcrypt.dll
0x00007ffdf0420000 - 0x00007ffdf05bd000 	C:\Windows\System32\USER32.dll
0x00007ffdef260000 - 0x00007ffdef282000 	C:\Windows\System32\win32u.dll
0x00007ffdd9e70000 - 0x00007ffdda10b000 	C:\Windows\WinSxS\amd64_microsoft.windows.common-controls_6595b64144ccf1df_6.0.19041.6926_none_60b5a53971f8f7e6\COMCTL32.dll
0x00007ffdf05c0000 - 0x00007ffdf05eb000 	C:\Windows\System32\GDI32.dll
0x00007ffdef8f0000 - 0x00007ffdefa0a000 	C:\Windows\System32\gdi32full.dll
0x00007ffdef7d0000 - 0x00007ffdef86d000 	C:\Windows\System32\msvcp_win.dll
0x00007ffde57e0000 - 0x00007ffde57ea000 	C:\Windows\SYSTEM32\VERSION.dll
0x00007ffdf1680000 - 0x00007ffdf16af000 	C:\Windows\System32\IMM32.DLL
0x00007ffde9d10000 - 0x00007ffde9d1c000 	C:\Program Files\Java\jdk-22\bin\vcruntime140_1.dll
0x00007ffdd40e0000 - 0x00007ffdd416e000 	C:\Program Files\Java\jdk-22\bin\msvcp140.dll
0x00007ffdd09f0000 - 0x00007ffdd1737000 	C:\Program Files\Java\jdk-22\bin\server\jvm.dll
0x00007ffdf1b20000 - 0x00007ffdf1b8b000 	C:\Windows\System32\WS2_32.dll
0x00007ffdef0b0000 - 0x00007ffdef0fb000 	C:\Windows\SYSTEM32\POWRPROF.dll
0x00007ffdda2c0000 - 0x00007ffdda2e7000 	C:\Windows\SYSTEM32\WINMM.dll
0x00007ffdef090000 - 0x00007ffdef0a2000 	C:\Windows\SYSTEM32\UMPDC.dll
0x00007ffdeda30000 - 0x00007ffdeda42000 	C:\Windows\SYSTEM32\kernel.appcore.dll
0x00007ffde84d0000 - 0x00007ffde84da000 	C:\Program Files\Java\jdk-22\bin\jimage.dll
0x00007ffded720000 - 0x00007ffded921000 	C:\Windows\SYSTEM32\DBGHELP.DLL
0x00007ffde6a20000 - 0x00007ffde6a54000 	C:\Windows\SYSTEM32\dbgcore.DLL
0x00007ffdef690000 - 0x00007ffdef712000 	C:\Windows\System32\bcryptPrimitives.dll
0x00007ffde7d10000 - 0x00007ffde7d2e000 	C:\Program Files\Java\jdk-22\bin\java.dll
0x00007ffdefc90000 - 0x00007ffdf0401000 	C:\Windows\System32\SHELL32.dll
0x00007ffdf0850000 - 0x00007ffdf097b000 	C:\Windows\System32\ole32.dll
0x00007ffdf10e0000 - 0x00007ffdf1433000 	C:\Windows\System32\combase.dll
0x00007ffdecea0000 - 0x00007ffded646000 	C:\Windows\SYSTEM32\windows.storage.dll
0x00007ffdeead0000 - 0x00007ffdeeafb000 	C:\Windows\SYSTEM32\Wldp.dll
0x00007ffdf1730000 - 0x00007ffdf1806000 	C:\Windows\System32\OLEAUT32.dll
0x00007ffdf1030000 - 0x00007ffdf10dd000 	C:\Windows\System32\SHCORE.dll
0x00007ffdf05f0000 - 0x00007ffdf064b000 	C:\Windows\System32\shlwapi.dll
0x00007ffdef180000 - 0x00007ffdef1a4000 	C:\Windows\SYSTEM32\profapi.dll
0x00007ffdd4000000 - 0x00007ffdd40d7000 	C:\Program Files\Java\jdk-22\bin\jsvml.dll
0x00007ffde7d00000 - 0x00007ffde7d10000 	C:\Program Files\Java\jdk-22\bin\net.dll
0x00007ffdee880000 - 0x00007ffdee8ea000 	C:\Windows\system32\mswsock.dll
0x00007ffde31a0000 - 0x00007ffde31b6000 	C:\Program Files\Java\jdk-22\bin\nio.dll
0x00007ffdddc70000 - 0x00007ffdddc87000 	C:\Program Files\Java\jdk-22\bin\zip.dll
0x00007ffde2c20000 - 0x00007ffde2c2a000 	C:\Program Files\Java\jdk-22\bin\management.dll
0x00007ffdde180000 - 0x00007ffdde18b000 	C:\Program Files\Java\jdk-22\bin\management_ext.dll
0x00007ffdf0410000 - 0x00007ffdf0418000 	C:\Windows\System32\PSAPI.DLL
0x00007ffdddc60000 - 0x00007ffdddc6b000 	C:\Program Files\Java\jdk-22\bin\le.dll
0x00007ffdd3fe0000 - 0x00007ffdd3fee000 	C:\Program Files\Java\jdk-22\bin\sunmscapi.dll
0x00007ffdefa90000 - 0x00007ffdefbed000 	C:\Windows\System32\CRYPT32.dll
0x00007ffdeeb40000 - 0x00007ffdeeb67000 	C:\Windows\SYSTEM32\ncrypt.dll
0x00007ffdeeb00000 - 0x00007ffdeeb3b000 	C:\Windows\SYSTEM32\NTASN1.dll
0x00007ffdeee20000 - 0x00007ffdeee38000 	C:\Windows\SYSTEM32\CRYPTSP.dll
0x00007ffdee1c0000 - 0x00007ffdee1f8000 	C:\Windows\system32\rsaenh.dll
0x00007ffdef140000 - 0x00007ffdef16e000 	C:\Windows\SYSTEM32\USERENV.dll
0x00007ffdeea40000 - 0x00007ffdeea4c000 	C:\Windows\SYSTEM32\CRYPTBASE.dll
0x00007ffdee580000 - 0x00007ffdee5bb000 	C:\Windows\SYSTEM32\IPHLPAPI.DLL
0x00007ffdf0650000 - 0x00007ffdf0658000 	C:\Windows\System32\NSI.dll
0x00007ffdc6820000 - 0x00007ffdc6827000 	C:\Windows\system32\wshunix.dll
0x00007ffde33e0000 - 0x00007ffde33e9000 	C:\Program Files\Java\jdk-22\bin\extnet.dll

dbghelp: loaded successfully - version: 4.0.5 - missing functions: none
symbol engine: initialized successfully - sym options: 0x614 - pdb path: .;C:\Program Files\Java\jdk-22\bin;C:\Windows\SYSTEM32;C:\Windows\WinSxS\amd64_microsoft.windows.common-controls_6595b64144ccf1df_6.0.19041.6926_none_60b5a53971f8f7e6;C:\Program Files\Java\jdk-22\bin\server

VM Arguments:
java_command: C:\Program Files\KMSpico\temp\surefire1696758953323545927\surefirebooter-20260718202704097_3.jar C:\Program Files\KMSpico\temp\surefire1696758953323545927 2026-07-18T20-27-03_417-jvmRun1 surefire-20260718202704097_1tmp surefire_0-20260718202704097_2tmp
java_class_path (initial): C:\Program Files\KMSpico\temp\surefire1696758953323545927\surefirebooter-20260718202704097_3.jar
Launcher Type: SUN_STANDARD

[Global flags]
     intx CICompilerCount                          = 3                                         {product} {ergonomic}
     uint ConcGCThreads                            = 1                                         {product} {ergonomic}
     uint G1ConcRefinementThreads                  = 4                                         {product} {ergonomic}
   size_t G1HeapRegionSize                         = 1048576                                   {product} {ergonomic}
   size_t InitialHeapSize                          = 130023424                                 {product} {ergonomic}
   size_t MarkStackSize                            = 4194304                                   {product} {ergonomic}
   size_t MaxHeapSize                              = 2061500416                                {product} {ergonomic}
   size_t MaxNewSize                               = 1236271104                                {product} {ergonomic}
   size_t MinHeapDeltaBytes                        = 1048576                                   {product} {ergonomic}
   size_t MinHeapSize                              = 8388608                                   {product} {ergonomic}
    uintx NonNMethodCodeHeapSize                   = 5832780                                {pd product} {ergonomic}
    uintx NonProfiledCodeHeapSize                  = 122912730                              {pd product} {ergonomic}
    uintx ProfiledCodeHeapSize                     = 122912730                              {pd product} {ergonomic}
    uintx ReservedCodeCacheSize                    = 251658240                              {pd product} {ergonomic}
     bool SegmentedCodeCache                       = true                                      {product} {ergonomic}
   size_t SoftMaxHeapSize                          = 2061500416                             {manageable} {ergonomic}
     bool UseCompressedOops                        = true                           {product lp64_product} {ergonomic}
     bool UseG1GC                                  = true                                      {product} {ergonomic}
     bool UseLargePagesIndividualAllocation        = false                                  {pd product} {ergonomic}

Logging:
Log output configuration:
 #0: stdout all=warning uptime,level,tags foldmultilines=false
 #1: stderr all=off uptime,level,tags foldmultilines=false

Environment Variables:
JAVA_HOME=C:/Program Files/Java/jdk-22
PATH=C:\Users\bilal\bin;C:\Program Files\Git\mingw64\bin;C:\Program Files\Git\usr\local\bin;C:\Program Files\Git\usr\bin;C:\Program Files\Git\usr\bin;C:\Program Files\Git\mingw64\bin;C:\Program Files\Git\usr\bin;C:\Users\bilal\bin;C:\Users\bilal\AppData\Local\Programs\cursor\resources\app\bin;C:\Python313\Scripts;C:\Python313;C:\Program Files\Common Files\Oracle\Java\javapath;C:\Windows\system32;C:\Windows;C:\Windows\System32\Wbem;C:\Windows\System32\WindowsPowerShell\v1.0;C:\Windows\System32\OpenSSH;C:\Program Files\Java\jdk-22\bin;C:\Program Files (x86)\Microsoft SQL Server\160\Tools\Binn;C:\Program Files\Microsoft SQL Server\160\Tools\Binn;C:\Program Files\Microsoft SQL Server\Client SDK\ODBC\170\Tools\Binn;C:\Program Files\Microsoft SQL Server\160\DTS\Binn;C:\Program Files (x86)\Microsoft SQL Server\160\DTS\Binn;C:\ProgramData\chocolatey\bin;C:\Program Files\nodejs;C:\Users\bilal\AppData\Local\Microsoft\WindowsApps;C:\Users\bilal\AppData\Roaming\npm;C:\Users\bilal\AppData\Local\Programs\cursor\resources\app\bin;C:\Users\bilal\AppData\Local\Programs\cursor\resources\app\bin;C:\Program Files\Microsoft SQL Server\170\Tools\Binn;C:\Program Files\Git\cmd;C:\apache-maven-3.9.16\bin;C:\Program Files\Java\jdk-22\bin;C:\Users\bilal\AppData\Local\Microsoft\WindowsApps;C:\Users\bilal\AppData\Local\Programs\Microsoft VS Code\bin;C:\Users\bilal\AppData\Roaming\npm;C:\mongosh;C:\Users\bilal\.local\bin;C:\Program Files\Git\usr\bin\vendor_perl;C:\Program Files\Git\usr\bin\core_perl
USERNAME=bilal
SHELL=C:\Program Files\Git\usr\bin\bash.exe
TERM=xterm-256color
OS=Windows_NT
PROCESSOR_IDENTIFIER=Intel64 Family 6 Model 78 Stepping 3, GenuineIntel
TMP=C:\PROGRA~1\KMSpico\temp
TEMP=C:\PROGRA~1\KMSpico\temp




Periodic native trim disabled

---------------  S Y S T E M  ---------------

OS:
 Windows 10 , 64 bit Build 19041 (10.0.19041.7291)
OS uptime: 0 days 5:25 hours
Hyper-V role detected

CPU: total 4 (initial active 4) (2 cores per cpu, 2 threads per core) family 6 model 78 stepping 3 microcode 0xcc, cx8, cmov, fxsr, ht, mmx, 3dnowpref, sse, sse2, sse3, ssse3, sse4.1, sse4.2, popcnt, lzcnt, tsc, tscinvbit, avx, avx2, aes, erms, clmul, bmi1, bmi2, rtm, adx, fma, vzeroupper, clflush, clflushopt, hv, rdtscp, f16c
Processor Information for processor 0
  Max Mhz: 2501, Current Mhz: 2200, Mhz Limit: 2501
Processor Information for processor 1
  Max Mhz: 2501, Current Mhz: 1500, Mhz Limit: 2501
Processor Information for processor 2
  Max Mhz: 2501, Current Mhz: 1500, Mhz Limit: 2501
Processor Information for processor 3
  Max Mhz: 2501, Current Mhz: 1500, Mhz Limit: 2501

Memory: 4k page, system-wide physical 7862M (291M free)
TotalPageFile size 20066M (AvailPageFile size 152M)
current process WorkingSet (physical memory assigned to process): 308M, peak: 308M
current process commit charge ("private bytes"): 361M, peak: 546M

vm_info: Java HotSpot(TM) 64-Bit Server VM (22.0.1+8-16) for windows-amd64 JRE (22.0.1+8-16), built on 2024-03-12T10:33:16Z by "mach5one" with MS VC++ 17.6 (VS2022)

END.
